# JRE version: Java(TM) SE Runtime Environment 18.9 (11.0.12+8) (build 11.0.12+8-LTS-237)
# Java VM: Java HotSpot(TM) 64-Bit Server VM 18.9 (11.0.12+8-LTS-237, mixed mode, tiered, compressed oops, g1 gc, windows-amd64)
Heap:
 garbage-first heap   total 196608K, used 117709K [0x0000000741600000, 0x0000000800000000)
  region size 1024K, 114 young (116736K), 2 survivors (2048K)
 Metaspace       used 8290K, capacity 8505K, committed 8832K, reserved 1056768K
  class space    used 733K, capacity 772K, committed 896K, reserved 1048576K
GC Heap History (9 events):
Event: 20.196 GC heap before
{Heap before GC invocations=0 (full 0):
 garbage-first heap   total 196608K, used 14336K [0x0000000741600000, 0x0000000800000000)
  region size 1024K, 14 young (14336K), 0 survivors (0K)
 Metaspace       used 8274K, capacity 8505K, committed 8832K, reserved 1056768K
  class space    used 733K, capacity 772K, committed 896K, reserved 1048576K
}
Event: 20.201 GC heap after
{Heap after GC invocations=1 (full 0):
 garbage-first heap   total 196608K, used 2923K [0x0000000741600000, 0x0000000800000000)
  region size 1024K, 2 young (2048K), 2 survivors (2048K)
 Metaspace       used 8274K, capacity 8505K, committed 8832K, reserved 1056768K
  class space    used 733K, capacity 772K, committed 896K, reserved 1048576K
}
Event: 20.297 GC heap before
{Heap before GC invocations=1 (full 0):
 garbage-first heap   total 196608K, used 45931K [0x0000000741600000, 0x0000000800000000)
  region size 1024K, 44 young (45056K), 2 survivors (2048K)
 Metaspace       used 8275K, capacity 8505K, committed 8832K, reserved 1056768K
  class space    used 733K, capacity 772K, committed 896K, reserved 1048576K
}
Event: 20.299 GC heap after
{Heap after GC invocations=2 (full 0):
 garbage-first heap   total 196608K, used 2923K [0x0000000741600000, 0x0000000800000000)
  region size 1024K, 2 young (2048K), 2 survivors (2048K)
 Metaspace       used 8275K, capacity 8505K, committed 8832K, reserved 1056768K
  class space    used 733K, capacity 772K, committed 896K, reserved 1048576K
}
Event: 20.377 GC heap before
{Heap before GC invocations=2 (full 0):
 garbage-first heap   total 196608K, used 55147K [0x0000000741600000, 0x0000000800000000)
  region size 1024K, 53 young (54272K), 2 survivors (2048K)
 Metaspace       used 8290K, capacity 8505K, committed 8832K, reserved 1056768K
  class space    used 733K, capacity 772K, committed 896K, reserved 1048576K
}
Event: 20.379 GC heap after
{Heap after GC invocations=3 (full 0):
 garbage-first heap   total 196608K, used 3187K [0x0000000741600000, 0x0000000800000000)
  region size 1024K, 3 young (3072K), 3 survivors (3072K)
 Metaspace       used 8290K, capacity 8505K, committed 8832K, reserved 1056768K
  class space    used 733K, capacity 772K, committed 896K, reserved 1048576K
}
Event: 20.526 GC heap before
{Heap before GC invocations=3 (full 0):
 garbage-first heap   total 196608K, used 71795K [0x0000000741600000, 0x0000000800000000)
  region size 1024K, 70 young (71680K), 3 survivors (3072K)
 Metaspace       used 8290K, capacity 8505K, committed 8832K, reserved 1056768K
  class space    used 733K, capacity 772K, committed 896K, reserved 1048576K
}
Event: 20.528 GC heap after
{Heap after GC invocations=4 (full 0):
 garbage-first heap   total 196608K, used 3021K [0x0000000741600000, 0x0000000800000000)
  region size 1024K, 3 young (3072K), 3 survivors (3072K)
 Metaspace       used 8290K, capacity 8505K, committed 8832K, reserved 1056768K
  class space    used 733K, capacity 772K, committed 896K, reserved 1048576K
}
Event: 20.780 GC heap before
{Heap before GC invocations=4 (full 0):
 garbage-first heap   total 196608K, used 117709K [0x0000000741600000, 0x0000000800000000)
  region size 1024K, 115 young (117760K), 3 survivors (3072K)
 Metaspace       used 8290K, capacity 8505K, committed 8832K, reserved 1056768K
  class space    used 733K, capacity 772K, committed 896K, reserved 1048576K
}

